10:48:13 INFO  : Registering command handlers for SDK TCF services
10:48:14 INFO  : Launching XSCT server: xsct.bat -interactive D:\Documents\Vivado_data\hw1\hw1.sdk\temp_xsdb_launch_script.tcl
10:48:16 INFO  : XSCT server has started successfully.
10:48:19 INFO  : Successfully done setting XSCT server connection channel  
10:48:19 INFO  : Successfully done setting SDK workspace  
10:48:19 INFO  : Processing command line option -hwspec D:/Documents/Vivado_data/hw1/hw1.sdk/hw1_BD_wrapper.hdf.
23:02:40 INFO  : Registering command handlers for SDK TCF services
23:02:40 INFO  : Launching XSCT server: xsct.bat -interactive D:\Documents\Vivado_data\hw1\hw1.sdk\temp_xsdb_launch_script.tcl
23:02:42 INFO  : XSCT server has started successfully.
23:02:46 INFO  : Successfully done setting XSCT server connection channel  
23:02:46 INFO  : Processing command line option -hwspec D:/Documents/Vivado_data/hw1/hw1.sdk/hw1_BD_wrapper.hdf.
23:02:46 INFO  : Successfully done setting SDK workspace  
23:02:46 INFO  : Checking for hwspec changes in the project hw1_BD_wrapper_hw_platform_0.
23:04:15 INFO  : 'targets -set -filter {jtag_cable_name =~ "Xilinx TUL 1234-tulA" && level==0} -index 1' command is executed.
23:04:15 INFO  : 'fpga -state' command is executed.
23:04:15 INFO  : Connected to target on host '127.0.0.1' and port '3121'.
23:04:15 INFO  : Jtag cable 'Xilinx TUL 1234-tulA' is selected.
23:04:15 INFO  : 'jtag frequency' command is executed.
23:04:15 INFO  : Context for 'APU' is selected.
23:04:15 INFO  : Hardware design information is loaded from 'D:/Documents/Vivado_data/hw1/hw1.sdk/hw1_BD_wrapper_hw_platform_0/system.hdf'.
23:04:15 INFO  : 'configparams force-mem-access 1' command is executed.
23:04:15 INFO  : 'configparams force-mem-access 0' command is executed.
23:04:15 INFO  : ----------------XSDB Script----------------
connect -url tcp:127.0.0.1:3121
targets -set -nocase -filter {name =~"APU*" && jtag_cable_name =~ "Xilinx TUL 1234-tulA"} -index 0
loadhw -hw D:/Documents/Vivado_data/hw1/hw1.sdk/hw1_BD_wrapper_hw_platform_0/system.hdf -mem-ranges [list {0x40000000 0xbfffffff}]
configparams force-mem-access 1
configparams force-mem-access 0
----------------End of Script----------------

23:04:15 INFO  : Disconnected from the channel tcfchan#1.
02:17:31 INFO  : Registering command handlers for SDK TCF services
02:17:31 INFO  : Launching XSCT server: xsct.bat -interactive D:\Documents\Vivado_data\hw1\hw1.sdk\temp_xsdb_launch_script.tcl
02:17:34 INFO  : XSCT server has started successfully.
02:17:38 INFO  : Successfully done setting XSCT server connection channel  
02:17:38 INFO  : Successfully done setting SDK workspace  
02:17:38 INFO  : Processing command line option -hwspec D:/Documents/Vivado_data/hw1/hw1.sdk/hw1_BD_wrapper.hdf.
02:17:38 INFO  : Checking for hwspec changes in the project hw1_BD_wrapper_hw_platform_0.
02:17:41 INFO  : SDK has detected change in the last modified timestamps for source hardware specification file Source:1743012858331,  Project:1742400986751
02:17:41 INFO  : The hardware specification for project 'hw1_BD_wrapper_hw_platform_0' is different from D:/Documents/Vivado_data/hw1/hw1.sdk/hw1_BD_wrapper.hdf.
02:17:41 INFO  : Copied contents of D:/Documents/Vivado_data/hw1/hw1.sdk/hw1_BD_wrapper.hdf into \hw1_BD_wrapper_hw_platform_0\system.hdf.
02:18:05 INFO  : Synchronizing projects in the workspace with the hardware platform specification changes.
02:18:08 INFO  : 
02:18:09 INFO  : Updating hardware inferred compiler options for hw1_sdk.
02:18:09 INFO  : Clearing existing target manager status.
02:32:14 INFO  : 'targets -set -filter {jtag_cable_name =~ "Xilinx TUL 1234-tulA" && level==0} -index 1' command is executed.
02:32:14 INFO  : 'fpga -state' command is executed.
02:32:24 INFO  : Memory regions updated for context APU
02:32:59 INFO  : 'targets -set -filter {jtag_cable_name =~ "Xilinx TUL 1234-tulA" && level==0} -index 1' command is executed.
02:32:59 INFO  : 'fpga -state' command is executed.
02:32:59 INFO  : Connected to target on host '127.0.0.1' and port '3121'.
02:32:59 INFO  : Jtag cable 'Xilinx TUL 1234-tulA' is selected.
02:32:59 INFO  : 'jtag frequency' command is executed.
02:32:59 INFO  : Sourcing of 'D:/Documents/Vivado_data/hw1/hw1.sdk/hw1_BD_wrapper_hw_platform_0/ps7_init.tcl' is done.
02:32:59 INFO  : Context for 'APU' is selected.
02:33:00 INFO  : Hardware design information is loaded from 'D:/Documents/Vivado_data/hw1/hw1.sdk/hw1_BD_wrapper_hw_platform_0/system.hdf'.
02:33:00 INFO  : 'configparams force-mem-access 1' command is executed.
02:33:00 INFO  : Context for 'APU' is selected.
02:33:00 INFO  : 'stop' command is executed.
02:33:00 INFO  : 'ps7_init' command is executed.
02:33:00 INFO  : 'ps7_post_config' command is executed.
02:33:00 INFO  : Context for processor 'ps7_cortexa9_0' is selected.
02:33:00 INFO  : Processor reset is completed for 'ps7_cortexa9_0'.
02:33:00 INFO  : Context for processor 'ps7_cortexa9_0' is selected.
02:33:00 INFO  : The application 'D:/Documents/Vivado_data/hw1/hw1.sdk/hw1_sdk/Debug/hw1_sdk.elf' is downloaded to processor 'ps7_cortexa9_0'.
02:33:00 INFO  : 'configparams force-mem-access 0' command is executed.
02:33:00 INFO  : ----------------XSDB Script----------------
connect -url tcp:127.0.0.1:3121
source D:/Documents/Vivado_data/hw1/hw1.sdk/hw1_BD_wrapper_hw_platform_0/ps7_init.tcl
targets -set -nocase -filter {name =~"APU*" && jtag_cable_name =~ "Xilinx TUL 1234-tulA"} -index 0
loadhw -hw D:/Documents/Vivado_data/hw1/hw1.sdk/hw1_BD_wrapper_hw_platform_0/system.hdf -mem-ranges [list {0x40000000 0xbfffffff}]
configparams force-mem-access 1
targets -set -nocase -filter {name =~"APU*" && jtag_cable_name =~ "Xilinx TUL 1234-tulA"} -index 0
stop
ps7_init
ps7_post_config
targets -set -nocase -filter {name =~ "ARM*#0" && jtag_cable_name =~ "Xilinx TUL 1234-tulA"} -index 0
rst -processor
targets -set -nocase -filter {name =~ "ARM*#0" && jtag_cable_name =~ "Xilinx TUL 1234-tulA"} -index 0
dow D:/Documents/Vivado_data/hw1/hw1.sdk/hw1_sdk/Debug/hw1_sdk.elf
configparams force-mem-access 0
----------------End of Script----------------

02:33:00 INFO  : Memory regions updated for context APU
02:33:00 INFO  : Context for processor 'ps7_cortexa9_0' is selected.
02:33:00 INFO  : 'con' command is executed.
02:33:00 INFO  : ----------------XSDB Script (After Launch)----------------
targets -set -nocase -filter {name =~ "ARM*#0" && jtag_cable_name =~ "Xilinx TUL 1234-tulA"} -index 0
con
----------------End of Script----------------

02:33:00 INFO  : Launch script is exported to file 'D:\Documents\Vivado_data\hw1\hw1.sdk\.sdk\launch_scripts\xilinx_c-c++_application_(system_debugger)\system_debugger_using_debug_hw1_sdk.elf_on_local.tcl'
02:36:24 INFO  : Disconnected from the channel tcfchan#1.
02:36:25 INFO  : 'targets -set -filter {jtag_cable_name =~ "Xilinx TUL 1234-tulA" && level==0} -index 1' command is executed.
02:36:25 INFO  : 'fpga -state' command is executed.
02:36:25 INFO  : Connected to target on host '127.0.0.1' and port '3121'.
02:36:25 INFO  : Jtag cable 'Xilinx TUL 1234-tulA' is selected.
02:36:25 INFO  : 'jtag frequency' command is executed.
02:36:25 INFO  : Sourcing of 'D:/Documents/Vivado_data/hw1/hw1.sdk/hw1_BD_wrapper_hw_platform_0/ps7_init.tcl' is done.
02:36:25 INFO  : Context for 'APU' is selected.
02:36:26 INFO  : Hardware design information is loaded from 'D:/Documents/Vivado_data/hw1/hw1.sdk/hw1_BD_wrapper_hw_platform_0/system.hdf'.
02:36:26 INFO  : 'configparams force-mem-access 1' command is executed.
02:36:26 INFO  : Context for 'APU' is selected.
02:36:26 INFO  : 'stop' command is executed.
02:36:27 INFO  : 'ps7_init' command is executed.
02:36:27 INFO  : 'ps7_post_config' command is executed.
02:36:27 INFO  : Context for processor 'ps7_cortexa9_0' is selected.
02:36:27 INFO  : Processor reset is completed for 'ps7_cortexa9_0'.
02:36:27 INFO  : Context for processor 'ps7_cortexa9_0' is selected.
02:36:27 INFO  : The application 'D:/Documents/Vivado_data/hw1/hw1.sdk/hw1_sdk/Debug/hw1_sdk.elf' is downloaded to processor 'ps7_cortexa9_0'.
02:36:27 INFO  : 'configparams force-mem-access 0' command is executed.
02:36:27 INFO  : ----------------XSDB Script----------------
connect -url tcp:127.0.0.1:3121
source D:/Documents/Vivado_data/hw1/hw1.sdk/hw1_BD_wrapper_hw_platform_0/ps7_init.tcl
targets -set -nocase -filter {name =~"APU*" && jtag_cable_name =~ "Xilinx TUL 1234-tulA"} -index 0
loadhw -hw D:/Documents/Vivado_data/hw1/hw1.sdk/hw1_BD_wrapper_hw_platform_0/system.hdf -mem-ranges [list {0x40000000 0xbfffffff}]
configparams force-mem-access 1
targets -set -nocase -filter {name =~"APU*" && jtag_cable_name =~ "Xilinx TUL 1234-tulA"} -index 0
stop
ps7_init
ps7_post_config
targets -set -nocase -filter {name =~ "ARM*#0" && jtag_cable_name =~ "Xilinx TUL 1234-tulA"} -index 0
rst -processor
targets -set -nocase -filter {name =~ "ARM*#0" && jtag_cable_name =~ "Xilinx TUL 1234-tulA"} -index 0
dow D:/Documents/Vivado_data/hw1/hw1.sdk/hw1_sdk/Debug/hw1_sdk.elf
configparams force-mem-access 0
----------------End of Script----------------

02:36:27 INFO  : Memory regions updated for context APU
02:36:27 INFO  : Context for processor 'ps7_cortexa9_0' is selected.
02:36:27 INFO  : 'con' command is executed.
02:36:27 INFO  : ----------------XSDB Script (After Launch)----------------
targets -set -nocase -filter {name =~ "ARM*#0" && jtag_cable_name =~ "Xilinx TUL 1234-tulA"} -index 0
con
----------------End of Script----------------

02:36:27 INFO  : Launch script is exported to file 'D:\Documents\Vivado_data\hw1\hw1.sdk\.sdk\launch_scripts\xilinx_c-c++_application_(system_debugger)\system_debugger_using_debug_hw1_sdk.elf_on_local.tcl'
02:37:10 INFO  : Disconnected from the channel tcfchan#2.
02:37:15 INFO  : 'targets -set -filter {jtag_cable_name =~ "Xilinx TUL 1234-tulA" && level==0} -index 1' command is executed.
02:37:15 INFO  : 'fpga -state' command is executed.
02:37:15 INFO  : Connected to target on host '127.0.0.1' and port '3121'.
02:37:15 INFO  : Jtag cable 'Xilinx TUL 1234-tulA' is selected.
02:37:15 INFO  : 'jtag frequency' command is executed.
02:37:15 INFO  : Sourcing of 'D:/Documents/Vivado_data/hw1/hw1.sdk/hw1_BD_wrapper_hw_platform_0/ps7_init.tcl' is done.
02:37:15 INFO  : Context for 'APU' is selected.
02:37:15 INFO  : Hardware design information is loaded from 'D:/Documents/Vivado_data/hw1/hw1.sdk/hw1_BD_wrapper_hw_platform_0/system.hdf'.
02:37:15 INFO  : 'configparams force-mem-access 1' command is executed.
02:37:15 INFO  : Context for 'APU' is selected.
02:37:15 INFO  : 'stop' command is executed.
02:37:15 INFO  : 'ps7_init' command is executed.
02:37:15 INFO  : 'ps7_post_config' command is executed.
02:37:15 INFO  : 'configparams force-mem-access 0' command is executed.
02:37:15 INFO  : ----------------XSDB Script----------------
connect -url tcp:127.0.0.1:3121
source D:/Documents/Vivado_data/hw1/hw1.sdk/hw1_BD_wrapper_hw_platform_0/ps7_init.tcl
targets -set -nocase -filter {name =~"APU*" && jtag_cable_name =~ "Xilinx TUL 1234-tulA"} -index 0
loadhw -hw D:/Documents/Vivado_data/hw1/hw1.sdk/hw1_BD_wrapper_hw_platform_0/system.hdf -mem-ranges [list {0x40000000 0xbfffffff}]
configparams force-mem-access 1
targets -set -nocase -filter {name =~"APU*" && jtag_cable_name =~ "Xilinx TUL 1234-tulA"} -index 0
stop
ps7_init
ps7_post_config
configparams force-mem-access 0
----------------End of Script----------------

02:37:15 INFO  : Memory regions updated for context APU
02:37:15 INFO  : Launch script is exported to file 'D:\Documents\Vivado_data\hw1\hw1.sdk\.sdk\launch_scripts\xilinx_c-c++_application_(system_debugger)\system_debugger_using_debug_hw1_sdk.elf_on_local.tcl'
02:39:11 INFO  : Disconnected from the channel tcfchan#3.
02:39:12 INFO  : 'targets -set -filter {jtag_cable_name =~ "Xilinx TUL 1234-tulA" && level==0} -index 1' command is executed.
02:39:12 INFO  : 'fpga -state' command is executed.
02:39:12 INFO  : Connected to target on host '127.0.0.1' and port '3121'.
02:39:12 INFO  : Jtag cable 'Xilinx TUL 1234-tulA' is selected.
02:39:12 INFO  : 'jtag frequency' command is executed.
02:39:12 INFO  : Sourcing of 'D:/Documents/Vivado_data/hw1/hw1.sdk/hw1_BD_wrapper_hw_platform_0/ps7_init.tcl' is done.
02:39:12 INFO  : Context for 'APU' is selected.
02:39:12 INFO  : Hardware design information is loaded from 'D:/Documents/Vivado_data/hw1/hw1.sdk/hw1_BD_wrapper_hw_platform_0/system.hdf'.
02:39:12 INFO  : 'configparams force-mem-access 1' command is executed.
02:39:12 INFO  : Context for 'APU' is selected.
02:39:12 INFO  : 'stop' command is executed.
02:39:13 INFO  : 'ps7_init' command is executed.
02:39:13 INFO  : 'ps7_post_config' command is executed.
02:39:13 INFO  : Context for processor 'ps7_cortexa9_0' is selected.
02:39:13 INFO  : Processor reset is completed for 'ps7_cortexa9_0'.
02:39:13 INFO  : Context for processor 'ps7_cortexa9_0' is selected.
02:39:13 INFO  : The application 'D:/Documents/Vivado_data/hw1/hw1.sdk/hw1_sdk/Debug/hw1_sdk.elf' is downloaded to processor 'ps7_cortexa9_0'.
02:39:13 INFO  : 'configparams force-mem-access 0' command is executed.
02:39:13 INFO  : ----------------XSDB Script----------------
connect -url tcp:127.0.0.1:3121
source D:/Documents/Vivado_data/hw1/hw1.sdk/hw1_BD_wrapper_hw_platform_0/ps7_init.tcl
targets -set -nocase -filter {name =~"APU*" && jtag_cable_name =~ "Xilinx TUL 1234-tulA"} -index 0
loadhw -hw D:/Documents/Vivado_data/hw1/hw1.sdk/hw1_BD_wrapper_hw_platform_0/system.hdf -mem-ranges [list {0x40000000 0xbfffffff}]
configparams force-mem-access 1
targets -set -nocase -filter {name =~"APU*" && jtag_cable_name =~ "Xilinx TUL 1234-tulA"} -index 0
stop
ps7_init
ps7_post_config
targets -set -nocase -filter {name =~ "ARM*#0" && jtag_cable_name =~ "Xilinx TUL 1234-tulA"} -index 0
rst -processor
targets -set -nocase -filter {name =~ "ARM*#0" && jtag_cable_name =~ "Xilinx TUL 1234-tulA"} -index 0
dow D:/Documents/Vivado_data/hw1/hw1.sdk/hw1_sdk/Debug/hw1_sdk.elf
configparams force-mem-access 0
----------------End of Script----------------

02:39:13 INFO  : Memory regions updated for context APU
02:39:13 INFO  : Context for processor 'ps7_cortexa9_0' is selected.
02:39:13 INFO  : 'con' command is executed.
02:39:13 INFO  : ----------------XSDB Script (After Launch)----------------
targets -set -nocase -filter {name =~ "ARM*#0" && jtag_cable_name =~ "Xilinx TUL 1234-tulA"} -index 0
con
----------------End of Script----------------

02:39:13 INFO  : Launch script is exported to file 'D:\Documents\Vivado_data\hw1\hw1.sdk\.sdk\launch_scripts\xilinx_c-c++_application_(system_debugger)\system_debugger_using_debug_hw1_sdk.elf_on_local.tcl'
02:39:33 INFO  : Disconnected from the channel tcfchan#4.
02:39:34 INFO  : 'targets -set -filter {jtag_cable_name =~ "Xilinx TUL 1234-tulA" && level==0} -index 1' command is executed.
02:39:34 INFO  : 'fpga -state' command is executed.
02:39:34 INFO  : Connected to target on host '127.0.0.1' and port '3121'.
02:39:34 INFO  : Jtag cable 'Xilinx TUL 1234-tulA' is selected.
02:39:34 INFO  : 'jtag frequency' command is executed.
02:39:34 INFO  : Sourcing of 'D:/Documents/Vivado_data/hw1/hw1.sdk/hw1_BD_wrapper_hw_platform_0/ps7_init.tcl' is done.
02:39:34 INFO  : Context for 'APU' is selected.
02:39:34 INFO  : Hardware design information is loaded from 'D:/Documents/Vivado_data/hw1/hw1.sdk/hw1_BD_wrapper_hw_platform_0/system.hdf'.
02:39:34 INFO  : 'configparams force-mem-access 1' command is executed.
02:39:34 INFO  : Context for 'APU' is selected.
02:39:34 INFO  : 'stop' command is executed.
02:39:35 INFO  : 'ps7_init' command is executed.
02:39:35 INFO  : 'ps7_post_config' command is executed.
02:39:35 INFO  : Context for processor 'ps7_cortexa9_0' is selected.
02:39:35 INFO  : Processor reset is completed for 'ps7_cortexa9_0'.
02:39:35 INFO  : Context for processor 'ps7_cortexa9_0' is selected.
02:39:35 INFO  : The application 'D:/Documents/Vivado_data/hw1/hw1.sdk/hw1_sdk/Debug/hw1_sdk.elf' is downloaded to processor 'ps7_cortexa9_0'.
02:39:35 INFO  : 'configparams force-mem-access 0' command is executed.
02:39:35 INFO  : ----------------XSDB Script----------------
connect -url tcp:127.0.0.1:3121
source D:/Documents/Vivado_data/hw1/hw1.sdk/hw1_BD_wrapper_hw_platform_0/ps7_init.tcl
targets -set -nocase -filter {name =~"APU*" && jtag_cable_name =~ "Xilinx TUL 1234-tulA"} -index 0
loadhw -hw D:/Documents/Vivado_data/hw1/hw1.sdk/hw1_BD_wrapper_hw_platform_0/system.hdf -mem-ranges [list {0x40000000 0xbfffffff}]
configparams force-mem-access 1
targets -set -nocase -filter {name =~"APU*" && jtag_cable_name =~ "Xilinx TUL 1234-tulA"} -index 0
stop
ps7_init
ps7_post_config
targets -set -nocase -filter {name =~ "ARM*#0" && jtag_cable_name =~ "Xilinx TUL 1234-tulA"} -index 0
rst -processor
targets -set -nocase -filter {name =~ "ARM*#0" && jtag_cable_name =~ "Xilinx TUL 1234-tulA"} -index 0
dow D:/Documents/Vivado_data/hw1/hw1.sdk/hw1_sdk/Debug/hw1_sdk.elf
configparams force-mem-access 0
----------------End of Script----------------

02:39:35 INFO  : Memory regions updated for context APU
02:39:35 INFO  : Context for processor 'ps7_cortexa9_0' is selected.
02:39:35 INFO  : 'con' command is executed.
02:39:35 INFO  : ----------------XSDB Script (After Launch)----------------
targets -set -nocase -filter {name =~ "ARM*#0" && jtag_cable_name =~ "Xilinx TUL 1234-tulA"} -index 0
con
----------------End of Script----------------

02:39:35 INFO  : Launch script is exported to file 'D:\Documents\Vivado_data\hw1\hw1.sdk\.sdk\launch_scripts\xilinx_c-c++_application_(system_debugger)\system_debugger_using_debug_hw1_sdk.elf_on_local.tcl'
02:39:51 INFO  : Disconnected from the channel tcfchan#5.
02:39:52 INFO  : 'targets -set -filter {jtag_cable_name =~ "Xilinx TUL 1234-tulA" && level==0} -index 1' command is executed.
02:39:52 INFO  : 'fpga -state' command is executed.
02:39:52 INFO  : Connected to target on host '127.0.0.1' and port '3121'.
02:39:52 INFO  : Jtag cable 'Xilinx TUL 1234-tulA' is selected.
02:39:52 INFO  : 'jtag frequency' command is executed.
02:39:52 INFO  : Sourcing of 'D:/Documents/Vivado_data/hw1/hw1.sdk/hw1_BD_wrapper_hw_platform_0/ps7_init.tcl' is done.
02:39:52 INFO  : Context for 'APU' is selected.
02:39:52 INFO  : Hardware design information is loaded from 'D:/Documents/Vivado_data/hw1/hw1.sdk/hw1_BD_wrapper_hw_platform_0/system.hdf'.
02:39:52 INFO  : 'configparams force-mem-access 1' command is executed.
02:39:52 INFO  : Context for 'APU' is selected.
02:39:52 INFO  : 'stop' command is executed.
02:39:53 INFO  : 'ps7_init' command is executed.
02:39:53 INFO  : 'ps7_post_config' command is executed.
02:39:53 INFO  : Context for processor 'ps7_cortexa9_0' is selected.
02:39:53 INFO  : Processor reset is completed for 'ps7_cortexa9_0'.
02:39:53 INFO  : Context for processor 'ps7_cortexa9_0' is selected.
02:39:53 INFO  : The application 'D:/Documents/Vivado_data/hw1/hw1.sdk/hw1_sdk/Debug/hw1_sdk.elf' is downloaded to processor 'ps7_cortexa9_0'.
02:39:53 INFO  : 'configparams force-mem-access 0' command is executed.
02:39:53 INFO  : ----------------XSDB Script----------------
connect -url tcp:127.0.0.1:3121
source D:/Documents/Vivado_data/hw1/hw1.sdk/hw1_BD_wrapper_hw_platform_0/ps7_init.tcl
targets -set -nocase -filter {name =~"APU*" && jtag_cable_name =~ "Xilinx TUL 1234-tulA"} -index 0
loadhw -hw D:/Documents/Vivado_data/hw1/hw1.sdk/hw1_BD_wrapper_hw_platform_0/system.hdf -mem-ranges [list {0x40000000 0xbfffffff}]
configparams force-mem-access 1
targets -set -nocase -filter {name =~"APU*" && jtag_cable_name =~ "Xilinx TUL 1234-tulA"} -index 0
stop
ps7_init
ps7_post_config
targets -set -nocase -filter {name =~ "ARM*#0" && jtag_cable_name =~ "Xilinx TUL 1234-tulA"} -index 0
rst -processor
targets -set -nocase -filter {name =~ "ARM*#0" && jtag_cable_name =~ "Xilinx TUL 1234-tulA"} -index 0
dow D:/Documents/Vivado_data/hw1/hw1.sdk/hw1_sdk/Debug/hw1_sdk.elf
configparams force-mem-access 0
----------------End of Script----------------

02:39:53 INFO  : Memory regions updated for context APU
02:39:53 INFO  : Context for processor 'ps7_cortexa9_0' is selected.
02:39:53 INFO  : 'con' command is executed.
02:39:53 INFO  : ----------------XSDB Script (After Launch)----------------
targets -set -nocase -filter {name =~ "ARM*#0" && jtag_cable_name =~ "Xilinx TUL 1234-tulA"} -index 0
con
----------------End of Script----------------

02:39:53 INFO  : Launch script is exported to file 'D:\Documents\Vivado_data\hw1\hw1.sdk\.sdk\launch_scripts\xilinx_c-c++_application_(system_debugger)\system_debugger_using_debug_hw1_sdk.elf_on_local.tcl'
02:40:14 INFO  : Disconnected from the channel tcfchan#6.
10:45:37 INFO  : Registering command handlers for SDK TCF services
10:45:37 INFO  : Launching XSCT server: xsct.bat -interactive D:\Documents\Vivado_data\hw1\hw1.sdk\temp_xsdb_launch_script.tcl
10:45:39 INFO  : XSCT server has started successfully.
10:45:40 INFO  : Successfully done setting XSCT server connection channel  
10:45:40 INFO  : Successfully done setting SDK workspace  
10:45:40 INFO  : Processing command line option -hwspec D:/Documents/Vivado_data/hw1/hw1.sdk/hw1_BD_wrapper.hdf.
10:45:40 INFO  : Checking for hwspec changes in the project hw1_BD_wrapper_hw_platform_0.
10:45:46 INFO  : 'targets -set -filter {jtag_cable_name =~ "Xilinx TUL 1234-tulA" && level==0} -index 1' command is executed.
10:45:46 INFO  : 'fpga -state' command is executed.
10:45:46 INFO  : Connected to target on host '127.0.0.1' and port '3121'.
10:45:46 INFO  : Jtag cable 'Xilinx TUL 1234-tulA' is selected.
10:45:46 INFO  : 'jtag frequency' command is executed.
10:45:46 INFO  : Sourcing of 'D:/Documents/Vivado_data/hw1/hw1.sdk/hw1_BD_wrapper_hw_platform_0/ps7_init.tcl' is done.
10:45:46 INFO  : Context for 'APU' is selected.
10:45:46 INFO  : Hardware design information is loaded from 'D:/Documents/Vivado_data/hw1/hw1.sdk/hw1_BD_wrapper_hw_platform_0/system.hdf'.
10:45:46 INFO  : 'configparams force-mem-access 1' command is executed.
10:45:46 INFO  : Context for 'APU' is selected.
10:45:46 INFO  : 'stop' command is executed.
10:45:47 INFO  : 'ps7_init' command is executed.
10:45:47 INFO  : 'ps7_post_config' command is executed.
10:45:47 INFO  : Context for processor 'ps7_cortexa9_0' is selected.
10:45:47 INFO  : Processor reset is completed for 'ps7_cortexa9_0'.
10:45:47 INFO  : Context for processor 'ps7_cortexa9_0' is selected.
10:45:47 INFO  : The application 'D:/Documents/Vivado_data/hw1/hw1.sdk/hw1_sdk/Debug/hw1_sdk.elf' is downloaded to processor 'ps7_cortexa9_0'.
10:45:47 INFO  : 'configparams force-mem-access 0' command is executed.
10:45:47 INFO  : ----------------XSDB Script----------------
connect -url tcp:127.0.0.1:3121
source D:/Documents/Vivado_data/hw1/hw1.sdk/hw1_BD_wrapper_hw_platform_0/ps7_init.tcl
targets -set -nocase -filter {name =~"APU*" && jtag_cable_name =~ "Xilinx TUL 1234-tulA"} -index 0
loadhw -hw D:/Documents/Vivado_data/hw1/hw1.sdk/hw1_BD_wrapper_hw_platform_0/system.hdf -mem-ranges [list {0x40000000 0xbfffffff}]
configparams force-mem-access 1
targets -set -nocase -filter {name =~"APU*" && jtag_cable_name =~ "Xilinx TUL 1234-tulA"} -index 0
stop
ps7_init
ps7_post_config
targets -set -nocase -filter {name =~ "ARM*#0" && jtag_cable_name =~ "Xilinx TUL 1234-tulA"} -index 0
rst -processor
targets -set -nocase -filter {name =~ "ARM*#0" && jtag_cable_name =~ "Xilinx TUL 1234-tulA"} -index 0
dow D:/Documents/Vivado_data/hw1/hw1.sdk/hw1_sdk/Debug/hw1_sdk.elf
configparams force-mem-access 0
----------------End of Script----------------

10:45:47 INFO  : Memory regions updated for context APU
10:45:47 INFO  : Context for processor 'ps7_cortexa9_0' is selected.
10:45:47 INFO  : 'con' command is executed.
10:45:47 INFO  : ----------------XSDB Script (After Launch)----------------
targets -set -nocase -filter {name =~ "ARM*#0" && jtag_cable_name =~ "Xilinx TUL 1234-tulA"} -index 0
con
----------------End of Script----------------

10:45:47 INFO  : Launch script is exported to file 'D:\Documents\Vivado_data\hw1\hw1.sdk\.sdk\launch_scripts\xilinx_c-c++_application_(system_debugger)\system_debugger_using_debug_hw1_sdk.elf_on_local.tcl'
10:46:24 INFO  : Disconnected from the channel tcfchan#1.
10:46:25 INFO  : 'targets -set -filter {jtag_cable_name =~ "Xilinx TUL 1234-tulA" && level==0} -index 1' command is executed.
10:46:25 INFO  : 'fpga -state' command is executed.
10:46:25 INFO  : Connected to target on host '127.0.0.1' and port '3121'.
10:46:26 INFO  : Jtag cable 'Xilinx TUL 1234-tulA' is selected.
10:46:26 INFO  : 'jtag frequency' command is executed.
10:46:26 INFO  : Sourcing of 'D:/Documents/Vivado_data/hw1/hw1.sdk/hw1_BD_wrapper_hw_platform_0/ps7_init.tcl' is done.
10:46:26 INFO  : Context for 'APU' is selected.
10:46:27 INFO  : Hardware design information is loaded from 'D:/Documents/Vivado_data/hw1/hw1.sdk/hw1_BD_wrapper_hw_platform_0/system.hdf'.
10:46:27 INFO  : 'configparams force-mem-access 1' command is executed.
10:46:27 INFO  : Context for 'APU' is selected.
10:46:27 INFO  : 'stop' command is executed.
10:46:27 INFO  : 'ps7_init' command is executed.
10:46:27 INFO  : 'ps7_post_config' command is executed.
10:46:27 INFO  : Context for processor 'ps7_cortexa9_0' is selected.
10:46:27 INFO  : Processor reset is completed for 'ps7_cortexa9_0'.
10:46:27 INFO  : Context for processor 'ps7_cortexa9_0' is selected.
10:46:27 INFO  : The application 'D:/Documents/Vivado_data/hw1/hw1.sdk/hw1_sdk/Debug/hw1_sdk.elf' is downloaded to processor 'ps7_cortexa9_0'.
10:46:27 INFO  : 'configparams force-mem-access 0' command is executed.
10:46:27 INFO  : ----------------XSDB Script----------------
connect -url tcp:127.0.0.1:3121
source D:/Documents/Vivado_data/hw1/hw1.sdk/hw1_BD_wrapper_hw_platform_0/ps7_init.tcl
targets -set -nocase -filter {name =~"APU*" && jtag_cable_name =~ "Xilinx TUL 1234-tulA"} -index 0
loadhw -hw D:/Documents/Vivado_data/hw1/hw1.sdk/hw1_BD_wrapper_hw_platform_0/system.hdf -mem-ranges [list {0x40000000 0xbfffffff}]
configparams force-mem-access 1
targets -set -nocase -filter {name =~"APU*" && jtag_cable_name =~ "Xilinx TUL 1234-tulA"} -index 0
stop
ps7_init
ps7_post_config
targets -set -nocase -filter {name =~ "ARM*#0" && jtag_cable_name =~ "Xilinx TUL 1234-tulA"} -index 0
rst -processor
targets -set -nocase -filter {name =~ "ARM*#0" && jtag_cable_name =~ "Xilinx TUL 1234-tulA"} -index 0
dow D:/Documents/Vivado_data/hw1/hw1.sdk/hw1_sdk/Debug/hw1_sdk.elf
configparams force-mem-access 0
----------------End of Script----------------

10:46:27 INFO  : Memory regions updated for context APU
10:46:27 INFO  : Context for processor 'ps7_cortexa9_0' is selected.
10:46:27 INFO  : 'con' command is executed.
10:46:27 INFO  : ----------------XSDB Script (After Launch)----------------
targets -set -nocase -filter {name =~ "ARM*#0" && jtag_cable_name =~ "Xilinx TUL 1234-tulA"} -index 0
con
----------------End of Script----------------

10:46:27 INFO  : Launch script is exported to file 'D:\Documents\Vivado_data\hw1\hw1.sdk\.sdk\launch_scripts\xilinx_c-c++_application_(system_debugger)\system_debugger_using_debug_hw1_sdk.elf_on_local.tcl'
10:46:45 INFO  : Disconnected from the channel tcfchan#2.
10:46:46 INFO  : 'targets -set -filter {jtag_cable_name =~ "Xilinx TUL 1234-tulA" && level==0} -index 1' command is executed.
10:46:46 INFO  : 'fpga -state' command is executed.
10:46:46 INFO  : Connected to target on host '127.0.0.1' and port '3121'.
10:46:46 INFO  : Jtag cable 'Xilinx TUL 1234-tulA' is selected.
10:46:46 INFO  : 'jtag frequency' command is executed.
10:46:46 INFO  : Sourcing of 'D:/Documents/Vivado_data/hw1/hw1.sdk/hw1_BD_wrapper_hw_platform_0/ps7_init.tcl' is done.
10:46:46 INFO  : Context for 'APU' is selected.
10:46:47 INFO  : Hardware design information is loaded from 'D:/Documents/Vivado_data/hw1/hw1.sdk/hw1_BD_wrapper_hw_platform_0/system.hdf'.
10:46:47 INFO  : 'configparams force-mem-access 1' command is executed.
10:46:47 INFO  : Context for 'APU' is selected.
10:46:47 INFO  : 'stop' command is executed.
10:46:48 INFO  : 'ps7_init' command is executed.
10:46:48 INFO  : 'ps7_post_config' command is executed.
10:46:48 INFO  : Context for processor 'ps7_cortexa9_0' is selected.
10:46:48 INFO  : Processor reset is completed for 'ps7_cortexa9_0'.
10:46:48 INFO  : Context for processor 'ps7_cortexa9_0' is selected.
10:46:48 INFO  : The application 'D:/Documents/Vivado_data/hw1/hw1.sdk/hw1_sdk/Debug/hw1_sdk.elf' is downloaded to processor 'ps7_cortexa9_0'.
10:46:48 INFO  : 'configparams force-mem-access 0' command is executed.
10:46:48 INFO  : ----------------XSDB Script----------------
connect -url tcp:127.0.0.1:3121
source D:/Documents/Vivado_data/hw1/hw1.sdk/hw1_BD_wrapper_hw_platform_0/ps7_init.tcl
targets -set -nocase -filter {name =~"APU*" && jtag_cable_name =~ "Xilinx TUL 1234-tulA"} -index 0
loadhw -hw D:/Documents/Vivado_data/hw1/hw1.sdk/hw1_BD_wrapper_hw_platform_0/system.hdf -mem-ranges [list {0x40000000 0xbfffffff}]
configparams force-mem-access 1
targets -set -nocase -filter {name =~"APU*" && jtag_cable_name =~ "Xilinx TUL 1234-tulA"} -index 0
stop
ps7_init
ps7_post_config
targets -set -nocase -filter {name =~ "ARM*#0" && jtag_cable_name =~ "Xilinx TUL 1234-tulA"} -index 0
rst -processor
targets -set -nocase -filter {name =~ "ARM*#0" && jtag_cable_name =~ "Xilinx TUL 1234-tulA"} -index 0
dow D:/Documents/Vivado_data/hw1/hw1.sdk/hw1_sdk/Debug/hw1_sdk.elf
configparams force-mem-access 0
----------------End of Script----------------

10:46:48 INFO  : Memory regions updated for context APU
10:46:48 INFO  : Context for processor 'ps7_cortexa9_0' is selected.
10:46:48 INFO  : 'con' command is executed.
10:46:48 INFO  : ----------------XSDB Script (After Launch)----------------
targets -set -nocase -filter {name =~ "ARM*#0" && jtag_cable_name =~ "Xilinx TUL 1234-tulA"} -index 0
con
----------------End of Script----------------

10:46:48 INFO  : Launch script is exported to file 'D:\Documents\Vivado_data\hw1\hw1.sdk\.sdk\launch_scripts\xilinx_c-c++_application_(system_debugger)\system_debugger_using_debug_hw1_sdk.elf_on_local.tcl'
11:00:03 INFO  : Disconnected from the channel tcfchan#3.
